\BOOKMARK [1][-]{section.1}{Physikalische Grundlagen}{}% 1
\BOOKMARK [2][-]{subsection.1.1}{Kristallgitter}{section.1}% 2
\BOOKMARK [3][-]{subsubsection.1.1.1}{Bravais-Gitter und Millersche Indizes}{subsection.1.1}% 3
\BOOKMARK [2][-]{subsection.1.2}{Gitterdefekte}{section.1}% 4
\BOOKMARK [3][-]{subsubsection.1.2.1}{Nulldimensionale Gitterdefekte}{subsection.1.2}% 5
\BOOKMARK [3][-]{subsubsection.1.2.2}{Eindimensionale Gitterdefekte}{subsection.1.2}% 6
\BOOKMARK [3][-]{subsubsection.1.2.3}{Zweidimensionale Gitterdefekte}{subsection.1.2}% 7
\BOOKMARK [3][-]{subsubsection.1.2.4}{Dreidimensionale Gitterdefekte}{subsection.1.2}% 8
\BOOKMARK [2][-]{subsection.1.3}{Silicium}{section.1}% 9
\BOOKMARK [2][-]{subsection.1.4}{Messing}{section.1}% 10
\BOOKMARK [2][-]{subsection.1.5}{Stahl}{section.1}% 11
\BOOKMARK [1][-]{section.2}{Durchf\374hrung}{}% 12
\BOOKMARK [2][-]{subsection.2.1}{Silicium}{section.2}% 13
\BOOKMARK [2][-]{subsection.2.2}{Messing und Stahl}{section.2}% 14
\BOOKMARK [1][-]{section.3}{Analyse}{}% 15
\BOOKMARK [2][-]{subsection.3.1}{Silicium}{section.3}% 16
\BOOKMARK [2][-]{subsection.3.2}{Messing}{section.3}% 17
\BOOKMARK [2][-]{subsection.3.3}{Stahl}{section.3}% 18
\BOOKMARK [1][-]{section.4}{Diskussion}{}% 19
\BOOKMARK [2][-]{subsection.4.1}{Silicium}{section.4}% 20
\BOOKMARK [2][-]{subsection.4.2}{Messing}{section.4}% 21
\BOOKMARK [2][-]{subsection.4.3}{Stahl}{section.4}% 22
\BOOKMARK [2][-]{subsection.4.4}{Fazit}{section.4}% 23
\BOOKMARK [1][-]{section*.16}{Literatur}{}% 24
